This is pdfTeX, Version 3.14159265-2.6-1.40.21 (TeX Live 2020) (preloaded format=pdflatex 2021.12.5)  1 DEC 2023 07:37
entering extended mode
 restricted \write18 enabled.
 %&-line parsing enabled.
**rarraydoc.tex
(./rarraydoc.tex
LaTeX2e <2020-10-01> patch level 4
L3 programming layer <2021-02-18>
(/scinet/corvus/software/2020b/opt/base/texlive/20210324/texmf-dist/tex/latex/b
ase/article.cls
Document Class: article 2020/04/10 v1.4m Standard LaTeX document class

(/scinet/corvus/software/2020b/opt/base/texlive/20210324/texmf-dist/tex/latex/b
ase/size11.clo
File: size11.clo 2020/04/10 v1.4m Standard LaTeX file (size option)
)
\c@part=\count179
\c@section=\count180
\c@subsection=\count181
\c@subsubsection=\count182
\c@paragraph=\count183
\c@subparagraph=\count184
\c@figure=\count185
\c@table=\count186
\abovecaptionskip=\skip47
\belowcaptionskip=\skip48
\bibindent=\dimen138
)
(/scinet/corvus/software/2020b/opt/base/texlive/20210324/texmf-dist/tex/latex/g
eometry/geometry.sty
Package: geometry 2020/01/02 v5.9 Page Geometry

(/scinet/corvus/software/2020b/opt/base/texlive/20210324/texmf-dist/tex/latex/g
raphics/keyval.sty
Package: keyval 2014/10/28 v1.15 key=value parser (DPC)
\KV@toks@=\toks15
)
(/scinet/corvus/software/2020b/opt/base/texlive/20210324/texmf-dist/tex/generic
/iftex/ifvtex.sty
Package: ifvtex 2019/10/25 v1.7 ifvtex legacy package. Use iftex instead.

(/scinet/corvus/software/2020b/opt/base/texlive/20210324/texmf-dist/tex/generic
/iftex/iftex.sty
Package: iftex 2020/03/06 v1.0d TeX engine tests
))
\Gm@cnth=\count187
\Gm@cntv=\count188
\c@Gm@tempcnt=\count189
\Gm@bindingoffset=\dimen139
\Gm@wd@mp=\dimen140
\Gm@odd@mp=\dimen141
\Gm@even@mp=\dimen142
\Gm@layoutwidth=\dimen143
\Gm@layoutheight=\dimen144
\Gm@layouthoffset=\dimen145
\Gm@layoutvoffset=\dimen146
\Gm@dimlist=\toks16
)
(/scinet/corvus/software/2020b/opt/base/texlive/20210324/texmf-dist/tex/latex/f
ancyhdr/fancyhdr.sty
Package: fancyhdr 2021/01/28 v4.0.1 Extensive control of page headers and foote
rs
\f@nch@headwidth=\skip49
\f@nch@O@elh=\skip50
\f@nch@O@erh=\skip51
\f@nch@O@olh=\skip52
\f@nch@O@orh=\skip53
\f@nch@O@elf=\skip54
\f@nch@O@erf=\skip55
\f@nch@O@olf=\skip56
\f@nch@O@orf=\skip57
)
(/scinet/corvus/software/2020b/opt/base/texlive/20210324/texmf-dist/tex/latex/h
yperref/hyperref.sty
Package: hyperref 2021-02-27 v7.00k Hypertext links for LaTeX

(/scinet/corvus/software/2020b/opt/base/texlive/20210324/texmf-dist/tex/generic
/ltxcmds/ltxcmds.sty
Package: ltxcmds 2020-05-10 v1.25 LaTeX kernel commands for general use (HO)
)
(/scinet/corvus/software/2020b/opt/base/texlive/20210324/texmf-dist/tex/generic
/pdftexcmds/pdftexcmds.sty
Package: pdftexcmds 2020-06-27 v0.33 Utility functions of pdfTeX for LuaTeX (HO
)

(/scinet/corvus/software/2020b/opt/base/texlive/20210324/texmf-dist/tex/generic
/infwarerr/infwarerr.sty
Package: infwarerr 2019/12/03 v1.5 Providing info/warning/error messages (HO)
)
Package pdftexcmds Info: \pdf@primitive is available.
Package pdftexcmds Info: \pdf@ifprimitive is available.
Package pdftexcmds Info: \pdfdraftmode found.
)
(/scinet/corvus/software/2020b/opt/base/texlive/20210324/texmf-dist/tex/generic
/kvsetkeys/kvsetkeys.sty
Package: kvsetkeys 2019/12/15 v1.18 Key value parser (HO)
)
(/scinet/corvus/software/2020b/opt/base/texlive/20210324/texmf-dist/tex/generic
/kvdefinekeys/kvdefinekeys.sty
Package: kvdefinekeys 2019-12-19 v1.6 Define keys (HO)
)
(/scinet/corvus/software/2020b/opt/base/texlive/20210324/texmf-dist/tex/generic
/pdfescape/pdfescape.sty
Package: pdfescape 2019/12/09 v1.15 Implements pdfTeX's escape features (HO)
)
(/scinet/corvus/software/2020b/opt/base/texlive/20210324/texmf-dist/tex/latex/h
ycolor/hycolor.sty
Package: hycolor 2020-01-27 v1.10 Color options for hyperref/bookmark (HO)
)
(/scinet/corvus/software/2020b/opt/base/texlive/20210324/texmf-dist/tex/latex/l
etltxmacro/letltxmacro.sty
Package: letltxmacro 2019/12/03 v1.6 Let assignment for LaTeX macros (HO)
)
(/scinet/corvus/software/2020b/opt/base/texlive/20210324/texmf-dist/tex/latex/a
uxhook/auxhook.sty
Package: auxhook 2019-12-17 v1.6 Hooks for auxiliary files (HO)
)
(/scinet/corvus/software/2020b/opt/base/texlive/20210324/texmf-dist/tex/latex/k
voptions/kvoptions.sty
Package: kvoptions 2020-10-07 v3.14 Key value format for package options (HO)
)
\@linkdim=\dimen147
\Hy@linkcounter=\count190
\Hy@pagecounter=\count191

(/scinet/corvus/software/2020b/opt/base/texlive/20210324/texmf-dist/tex/latex/h
yperref/pd1enc.def
File: pd1enc.def 2021-02-27 v7.00k Hyperref: PDFDocEncoding definition (HO)
Now handling font encoding PD1 ...
... no UTF-8 mapping file for font encoding PD1
)
(/scinet/corvus/software/2020b/opt/base/texlive/20210324/texmf-dist/tex/latex/h
yperref/hyperref-langpatches.def
File: hyperref-langpatches.def 2021-02-27 v7.00k Hyperref: patches for babel la
nguages
)
(/scinet/corvus/software/2020b/opt/base/texlive/20210324/texmf-dist/tex/generic
/intcalc/intcalc.sty
Package: intcalc 2019/12/15 v1.3 Expandable calculations with integers (HO)
)
(/scinet/corvus/software/2020b/opt/base/texlive/20210324/texmf-dist/tex/generic
/etexcmds/etexcmds.sty
Package: etexcmds 2019/12/15 v1.7 Avoid name clashes with e-TeX commands (HO)
)
\Hy@SavedSpaceFactor=\count192

(/scinet/corvus/software/2020b/opt/base/texlive/20210324/texmf-dist/tex/latex/h
yperref/puenc.def
File: puenc.def 2021-02-27 v7.00k Hyperref: PDF Unicode definition (HO)
Now handling font encoding PU ...
... no UTF-8 mapping file for font encoding PU
)
Package hyperref Info: Hyper figures OFF on input line 4192.
Package hyperref Info: Link nesting OFF on input line 4197.
Package hyperref Info: Hyper index ON on input line 4200.
Package hyperref Info: Plain pages OFF on input line 4207.
Package hyperref Info: Backreferencing OFF on input line 4212.
Package hyperref Info: Implicit mode ON; LaTeX internals redefined.
Package hyperref Info: Bookmarks ON on input line 4445.
\c@Hy@tempcnt=\count193

(/scinet/corvus/software/2020b/opt/base/texlive/20210324/texmf-dist/tex/latex/u
rl/url.sty
\Urlmuskip=\muskip16
Package: url 2013/09/16  ver 3.4  Verb mode for urls, etc.
)
LaTeX Info: Redefining \url on input line 4804.
\XeTeXLinkMargin=\dimen148

(/scinet/corvus/software/2020b/opt/base/texlive/20210324/texmf-dist/tex/generic
/bitset/bitset.sty
Package: bitset 2019/12/09 v1.3 Handle bit-vector datatype (HO)

(/scinet/corvus/software/2020b/opt/base/texlive/20210324/texmf-dist/tex/generic
/bigintcalc/bigintcalc.sty
Package: bigintcalc 2019/12/15 v1.5 Expandable calculations on big integers (HO
)
))
\Fld@menulength=\count194
\Field@Width=\dimen149
\Fld@charsize=\dimen150
Package hyperref Info: Hyper figures OFF on input line 6075.
Package hyperref Info: Link nesting OFF on input line 6080.
Package hyperref Info: Hyper index ON on input line 6083.
Package hyperref Info: backreferencing OFF on input line 6090.
Package hyperref Info: Link coloring OFF on input line 6095.
Package hyperref Info: Link coloring with OCG OFF on input line 6100.
Package hyperref Info: PDF/A mode OFF on input line 6105.
LaTeX Info: Redefining \ref on input line 6145.
LaTeX Info: Redefining \pageref on input line 6149.

(/scinet/corvus/software/2020b/opt/base/texlive/20210324/texmf-dist/tex/latex/b
ase/atbegshi-ltx.sty
Package: atbegshi-ltx 2020/08/17 v1.0a Emulation of the original atbegshi packa
ge
with kernel methods
)
\Hy@abspage=\count195
\c@Item=\count196
\c@Hfootnote=\count197
)
Package hyperref Info: Driver (autodetected): hpdftex.

(/scinet/corvus/software/2020b/opt/base/texlive/20210324/texmf-dist/tex/latex/h
yperref/hpdftex.def
File: hpdftex.def 2021-02-27 v7.00k Hyperref driver for pdfTeX

(/scinet/corvus/software/2020b/opt/base/texlive/20210324/texmf-dist/tex/latex/b
ase/atveryend-ltx.sty
Package: atveryend-ltx 2020/08/19 v1.0a Emulation of the original atvery packag
e
with kernel methods
)
\Fld@listcount=\count198
\c@bookmark@seq@number=\count199

(/scinet/corvus/software/2020b/opt/base/texlive/20210324/texmf-dist/tex/latex/r
erunfilecheck/rerunfilecheck.sty
Package: rerunfilecheck 2019/12/05 v1.9 Rerun checks for auxiliary files (HO)

(/scinet/corvus/software/2020b/opt/base/texlive/20210324/texmf-dist/tex/generic
/uniquecounter/uniquecounter.sty
Package: uniquecounter 2019/12/15 v1.4 Provide unlimited unique counter (HO)
)
Package uniquecounter Info: New unique counter `rerunfilecheck' on input line 2
86.
)
\Hy@SectionHShift=\skip58
)
(/scinet/corvus/software/2020b/opt/base/texlive/20210324/texmf-dist/tex/latex/f
ramed/framed.sty
Package: framed 2011/10/22 v 0.96: framed or shaded text with page breaks
\OuterFrameSep=\skip59
\fb@frw=\dimen151
\fb@frh=\dimen152
\FrameRule=\dimen153
\FrameSep=\dimen154
)
(/scinet/corvus/software/2020b/opt/base/texlive/20210324/texmf-dist/tex/latex/p
snfss/charter.sty
Package: charter 2020/03/25 PSNFSS-v9.3 (P.Dyballa) 
)
(/scinet/corvus/software/2020b/opt/base/texlive/20210324/texmf-dist/tex/latex/p
reprint/fullpage.sty
Package: fullpage 1999/02/23 1.1 (PWD)
\FP@margin=\skip60
)
LaTeX Font Info:    Trying to load font information for OT1+bch on input line 1
9.

(/scinet/corvus/software/2020b/opt/base/texlive/20210324/texmf-dist/tex/latex/p
snfss/ot1bch.fd
File: ot1bch.fd 2004/10/18 font definitions for OT1/bch.
)
(/scinet/corvus/software/2020b/opt/base/texlive/20210324/texmf-dist/tex/latex/l
3backend/l3backend-pdftex.def
File: l3backend-pdftex.def 2021-03-18 L3 backend support: PDF output (pdfTeX)
\l__color_backend_stack_int=\count266
\l__pdf_internal_box=\box47
) (./rarraydoc.aux)
\openout1 = `rarraydoc.aux'.

LaTeX Font Info:    Checking defaults for OML/cmm/m/it on input line 19.
LaTeX Font Info:    ... okay on input line 19.
LaTeX Font Info:    Checking defaults for OMS/cmsy/m/n on input line 19.
LaTeX Font Info:    ... okay on input line 19.
LaTeX Font Info:    Checking defaults for OT1/cmr/m/n on input line 19.
LaTeX Font Info:    ... okay on input line 19.
LaTeX Font Info:    Checking defaults for T1/cmr/m/n on input line 19.
LaTeX Font Info:    ... okay on input line 19.
LaTeX Font Info:    Checking defaults for TS1/cmr/m/n on input line 19.
LaTeX Font Info:    ... okay on input line 19.
LaTeX Font Info:    Checking defaults for OMX/cmex/m/n on input line 19.
LaTeX Font Info:    ... okay on input line 19.
LaTeX Font Info:    Checking defaults for U/cmr/m/n on input line 19.
LaTeX Font Info:    ... okay on input line 19.
LaTeX Font Info:    Checking defaults for PD1/pdf/m/n on input line 19.
LaTeX Font Info:    ... okay on input line 19.
LaTeX Font Info:    Checking defaults for PU/pdf/m/n on input line 19.
LaTeX Font Info:    ... okay on input line 19.

*geometry* driver: auto-detecting
*geometry* detected driver: pdftex
*geometry* verbose mode - [ preamble ] result:
* driver: pdftex
* paper: <default>
* layout: <same size as paper>
* layoutoffset:(h,v)=(0.0pt,0.0pt)
* modes: twoside 
* h-part:(L,W,R)=(73.71613pt, 430.00462pt, 110.57425pt)
* v-part:(T,H,B)=(95.39737pt, 556.47656pt, 143.09605pt)
* \paperwidth=614.295pt
* \paperheight=794.96999pt
* \textwidth=469.75502pt
* \textheight=620.43001pt
* \oddsidemargin=0.0pt
* \evensidemargin=0.0pt
* \topmargin=0.0pt
* \headheight=15.0pt
* \headsep=0.0pt
* \topskip=11.0pt
* \footskip=30.0pt
* \marginparwidth=113.0pt
* \marginparsep=10.0pt
* \columnsep=10.0pt
* \skip\footins=10.0pt plus 4.0pt minus 2.0pt
* \hoffset=0.0pt
* \voffset=0.0pt
* \mag=1000
* \@twocolumnfalse
* \@twosidetrue
* \@mparswitchtrue
* \@reversemarginfalse
* (1in=72.27pt=25.4mm, 1cm=28.453pt)

Package hyperref Info: Link coloring OFF on input line 19.

(/scinet/corvus/software/2020b/opt/base/texlive/20210324/texmf-dist/tex/latex/h
yperref/nameref.sty
Package: nameref 2021-04-02 v2.47 Cross-referencing by name of section

(/scinet/corvus/software/2020b/opt/base/texlive/20210324/texmf-dist/tex/latex/r
efcount/refcount.sty
Package: refcount 2019/12/15 v3.6 Data extraction from label references (HO)
)
(/scinet/corvus/software/2020b/opt/base/texlive/20210324/texmf-dist/tex/generic
/gettitlestring/gettitlestring.sty
Package: gettitlestring 2019/12/15 v1.6 Cleanup title references (HO)
)
\c@section@level=\count267
)
LaTeX Info: Redefining \ref on input line 19.
LaTeX Info: Redefining \pageref on input line 19.
LaTeX Info: Redefining \nameref on input line 19.
 (./rarraydoc.out) (./rarraydoc.out)
\@outlinefile=\write3
\openout3 = `rarraydoc.out'.

LaTeX Font Info:    External font `cmex10' loaded for size
(Font)              <12> on input line 33.
LaTeX Font Info:    External font `cmex10' loaded for size
(Font)              <8> on input line 33.
LaTeX Font Info:    External font `cmex10' loaded for size
(Font)              <6> on input line 33.
LaTeX Font Info:    External font `cmex10' loaded for size
(Font)              <10.95> on input line 97.
LaTeX Font Info:    Trying to load font information for OMS+cmtt on input line 
97.
LaTeX Font Info:    No file OMScmtt.fd. on input line 97.


LaTeX Font Warning: Font shape `OMS/cmtt/m/n' undefined
(Font)              using `OMS/cmsy/m/n' instead
(Font)              for symbol `textbraceleft' on input line 97.

[1

{/scinet/corvus/software/2020b/opt/base/texlive/20210324/texmf-var/fonts/map/pd
ftex/updmap/pdftex.map}] (./rarraydoc.toc)
\tf@toc=\write4
\openout4 = `rarraydoc.toc'.

 [2]
Overfull \hbox (8.93999pt too wide) in paragraph at lines 133--133
[]\OT1/cmtt/m/n/10.95 // a gets deallocated automatically, or one can explicitl
y call a.reset(nullptr)[] 
 []

[3]
LaTeX Font Info:    Trying to load font information for TS1+bch on input line 1
78.

(/scinet/corvus/software/2020b/opt/base/texlive/20210324/texmf-dist/tex/latex/p
snfss/ts1bch.fd
File: ts1bch.fd 2004/10/18 font definitions for TS1/bch.
) [4]
Underfull \vbox (badness 10000) has occurred while \output is active []

 [5]
Overfull \hbox (19.4073pt too wide) in paragraph at lines 331--334
[]\OT1/bch/m/n/10.95 Note that \OT1/cmtt/m/n/10.95 s \OT1/bch/m/n/10.95 will ha
ve dan-gling ref-er-ences (of-ten lead-ing to ``Seg-men-ta-tion faults'') if \O
T1/cmtt/m/n/10.95 pre[]alloc[]data
 []

[6] [7] [8] [9]
Overfull \hbox (8.93999pt too wide) in paragraph at lines 579--579
[]     \OT1/cmtt/m/n/10.95 std::unique_ptr<float[]> p (new float[n*n*n]); // or
 vector or a shared_ptr[] 
 []


Underfull \vbox (badness 10000) has occurred while \output is active []

 [10]
Overfull \hbox (3.1913pt too wide) in paragraph at lines 624--624
[] \OT1/cmtt/m/n/10.95 void reshape(size_type extent0, ...);     // change shap
e (not data) for R<=11[] 
 []


Overfull \hbox (8.93999pt too wide) in paragraph at lines 624--624
[] \OT1/cmtt/m/n/10.95 rarray<T,R-1> at(size_t i);      // retrieve the ith 'ro
w' with bounds checking[] 
 []

[11] [12] [13] [14]
Overfull \hbox (11.77588pt too wide) in paragraph at lines 850--854
[]\OT1/bch/m/n/10.95 Note that for in-te-ger types, us-ing linspace with-out sp
ec-i-fy-ing their num-ber (i.e. \OT1/cmtt/m/n/10.95 linspace(n1,n2)\OT1/bch/m/n
/10.95 )
 []

[15]
Overfull \hbox (12.4668pt too wide) in paragraph at lines 907--908
\OT1/bch/m/n/10.95 struc-ture. The lat-ter ac-count for most of the mem-ory ove
r-head. A rar-ray ob-ject of 100$\OMS/cmtt/m/n/10.95 ^^B$\OT1/bch/m/n/10.95 100
$\OMS/cmtt/m/n/10.95 ^^B$\OT1/bch/m/n/10.95 100$\OMS/cmtt/m/n/10.95 ^^B$\OT1/bc
h/m/n/10.95 100
 []

[16] [17] [18] [19] [20] [21]
Underfull \vbox (badness 10000) has occurred while \output is active []

 [22]
Overfull \hbox (14.97113pt too wide) in paragraph at lines 1257--1259
\OT1/bch/m/n/10.95 Rarray is a header-only li-brary, so you could just copy the
 header \OT1/cmtt/m/n/10.95 rarray \OT1/bch/m/n/10.95 to the di-rec-tory \OT1/c
mtt/m/n/10.95 /usr/include
 []


Overfull \hbox (2.699pt too wide) in paragraph at lines 1268--1271
\OT1/bch/m/n/10.95 this will fail on re-cent Ma-cOS ver-sions, in which case, t
ry \OT1/cmtt/m/n/10.95 sudo make install PREFIX=/usr/local\OT1/bch/m/n/10.95 . 

 []

[23] [24] (./rarraydoc.aux)

LaTeX Font Warning: Some font shapes were not available, defaults substituted.

Package rerunfilecheck Info: File `rarraydoc.out' has not changed.
(rerunfilecheck)             Checksum: 25921DBF7D10964B2239AE66D72D766D;1699.
 ) 
Here is how much of TeX's memory you used:
 7861 strings out of 479014
 120294 string characters out of 5843287
 432967 words of memory out of 5000000
 25177 multiletter control sequences out of 15000+600000
 421323 words of font info for 58 fonts, out of 8000000 for 9000
 1141 hyphenation exceptions out of 8191
 71i,11n,74p,498b,415s stack positions out of 5000i,500n,10000p,200000b,80000s
{/scinet/corvus/software/2020b/opt/base/texlive/20210324/texmf-dist/fonts/enc
/dvips/base/8r.enc}</scinet/corvus/software/2020b/opt/base/texlive/20210324/tex
mf-dist/fonts/type1/bitstrea/charter/bchb8a.pfb></scinet/corvus/software/2020b/
opt/base/texlive/20210324/texmf-dist/fonts/type1/bitstrea/charter/bchr8a.pfb></
scinet/corvus/software/2020b/opt/base/texlive/20210324/texmf-dist/fonts/type1/b
itstrea/charter/bchri8a.pfb></scinet/corvus/software/2020b/opt/base/texlive/202
10324/texmf-dist/fonts/type1/public/amsfonts/cm/cmmi10.pfb></scinet/corvus/soft
ware/2020b/opt/base/texlive/20210324/texmf-dist/fonts/type1/public/amsfonts/cm/
cmmi8.pfb></scinet/corvus/software/2020b/opt/base/texlive/20210324/texmf-dist/f
onts/type1/public/amsfonts/cm/cmr10.pfb></scinet/corvus/software/2020b/opt/base
/texlive/20210324/texmf-dist/fonts/type1/public/amsfonts/cm/cmr8.pfb></scinet/c
orvus/software/2020b/opt/base/texlive/20210324/texmf-dist/fonts/type1/public/am
sfonts/cm/cmsy10.pfb></scinet/corvus/software/2020b/opt/base/texlive/20210324/t
exmf-dist/fonts/type1/public/amsfonts/cm/cmsy8.pfb></scinet/corvus/software/202
0b/opt/base/texlive/20210324/texmf-dist/fonts/type1/public/amsfonts/cm/cmtt10.p
fb></scinet/corvus/software/2020b/opt/base/texlive/20210324/texmf-dist/fonts/ty
pe1/public/amsfonts/cm/cmtt12.pfb>
Output written on rarraydoc.pdf (24 pages, 162033 bytes).
PDF statistics:
 277 PDF objects out of 1000 (max. 8388607)
 237 compressed objects within 3 object streams
 79 named destinations out of 1000 (max. 500000)
 97 words of extra memory for PDF output out of 10000 (max. 10000000)

